This is pdfTeX, Version 3.141592-1.40.7 (MiKTeX 2.7) (preloaded format=pdflatex 2008.2.26)  26 FEB 2008 14:58
entering extended mode
**prosessdokumentasjon.tex
(prosessdokumentasjon.tex
LaTeX2e <2005/12/01>
Babel <v3.8h> and hyphenation patterns for english, dumylang, nohyphenation, ge
rman, ngerman, french, norsk, loaded.
("C:\Programfiler\MiKTeX 2.7\tex\latex\base\report.cls"
Document Class: report 2005/09/16 v1.4f Standard LaTeX document class
("C:\Programfiler\MiKTeX 2.7\tex\latex\base\size11.clo"
File: size11.clo 2005/09/16 v1.4f Standard LaTeX file (size option)
)
\c@part=\count79
\c@chapter=\count80
\c@section=\count81
\c@subsection=\count82
\c@subsubsection=\count83
\c@paragraph=\count84
\c@subparagraph=\count85
\c@figure=\count86
\c@table=\count87
\abovecaptionskip=\skip41
\belowcaptionskip=\skip42
\bibindent=\dimen102
)
("C:\Programfiler\MiKTeX 2.7\tex\latex\base\inputenc.sty"
Package: inputenc 2006/05/05 v1.1b Input encoding file
\inpenc@prehook=\toks14
\inpenc@posthook=\toks15

("C:\Programfiler\MiKTeX 2.7\tex\latex\base\latin1.def"
File: latin1.def 2006/05/05 v1.1b Input encoding file
))
("C:\Programfiler\MiKTeX 2.7\tex\generic\babel\babel.sty"
Package: babel 2005/11/23 v3.8h The Babel package

*************************************
* Local config file bblopts.cfg used
*
("C:\Programfiler\MiKTeX 2.7\tex\latex\00miktex\bblopts.cfg"
File: bblopts.cfg 2006/07/31 v1.0 MiKTeX 'babel' configuration
)
("C:\Programfiler\MiKTeX 2.7\tex\generic\babel\norsk.ldf"
Language: norsk 2005/03/30 v2.0h Norsk support from the babel system

("C:\Programfiler\MiKTeX 2.7\tex\generic\babel\babel.def"
File: babel.def 2005/11/23 v3.8h Babel common definitions
\babel@savecnt=\count88
\U@D=\dimen103
)
Package babel Info: Making " an active character on input line 113.
))
(prosessdokumentasjon.aux)
LaTeX Font Info:    Checking defaults for OML/cmm/m/it on input line 6.
LaTeX Font Info:    ... okay on input line 6.
LaTeX Font Info:    Checking defaults for T1/cmr/m/n on input line 6.
LaTeX Font Info:    ... okay on input line 6.
LaTeX Font Info:    Checking defaults for OT1/cmr/m/n on input line 6.
LaTeX Font Info:    ... okay on input line 6.
LaTeX Font Info:    Checking defaults for OMS/cmsy/m/n on input line 6.
LaTeX Font Info:    ... okay on input line 6.
LaTeX Font Info:    Checking defaults for OMX/cmex/m/n on input line 6.
LaTeX Font Info:    ... okay on input line 6.
LaTeX Font Info:    Checking defaults for U/cmr/m/n on input line 6.
LaTeX Font Info:    ... okay on input line 6.
LaTeX Font Info:    External font `cmex10' loaded for size
(Font)              <12> on input line 11.
LaTeX Font Info:    External font `cmex10' loaded for size
(Font)              <8> on input line 11.
LaTeX Font Info:    External font `cmex10' loaded for size
(Font)              <6> on input line 11.
 [1

{C:/Documents and Settings/All Users/Programdata/MiKTeX/2.7/pdftex/config/pdfte
x.map}]
Underfull \hbox (badness 10000) in paragraph at lines 14--15

 []


Overfull \hbox (2.8409pt too wide) in paragraph at lines 26--27
\OT1/cmr/m/n/10.95 Vi star-tet med en sam-ling pa 1060 XML-filer med en gjen-n
om-snitt-lig strrelse
 []

LaTeX Font Info:    Try loading font information for OMS+cmr on input line 28.
("C:\Programfiler\MiKTeX 2.7\tex\latex\base\omscmr.fd"
File: omscmr.fd 1999/05/25 v2.5h Standard LaTeX font definitions
)
LaTeX Font Info:    Font shape `OMS/cmr/m/n' in size <10.95> not available
(Font)              Font shape `OMS/cmsy/m/n' tried instead on input line 28.
 [1] [2]
(prosessdokumentasjon.aux) ) 
Here is how much of TeX's memory you used:
 663 strings out of 95271
 7645 string characters out of 1183319
 60135 words of memory out of 1500000
 3915 multiletter control sequences out of 110000
 8452 words of font info for 30 fonts, out of 1200000 for 2000
 59 hyphenation exceptions out of 8191
 24i,6n,24p,189b,189s stack positions out of 5000i,500n,10000p,200000b,5000s
<C:/Programfiler/MiKTeX 2.7/fonts/type1/bluesky/cm/
cmbx10.pfb><C:/Programfiler/MiKTeX 2.7/fonts/type1/bluesky/cm/cmbx12.pfb><C:/Pr
ogramfiler/MiKTeX 2.7/fonts/type1/bluesky/cm/cmr10.pfb><C:/Programfiler/MiKTeX 
2.7/fonts/type1/bluesky/cm/cmr12.pfb><C:/Programfiler/MiKTeX 2.7/fonts/type1/bl
uesky/cm/cmr17.pfb><C:/Programfiler/MiKTeX 2.7/fonts/type1/bluesky/cm/cmsy10.pf
b>
Output written on prosessdokumentasjon.pdf (3 pages, 44261 bytes).
PDF statistics:
 36 PDF objects out of 1000 (max. 8388607)
 0 named destinations out of 1000 (max. 131072)
 1 words of extra memory for PDF output out of 10000 (max. 10000000)

